                              1 ;--------------------------------------------------------
                              2 ; File Created by SDCC : free open source ANSI-C Compiler
                              3 ; Version 3.6.8 #9946 (Linux)
                              4 ;--------------------------------------------------------
                              5 	.module enemy_saurcer
                              6 	.optsdcc -mz80
                              7 	
                              8 ;--------------------------------------------------------
                              9 ; Public variables in this module
                             10 ;--------------------------------------------------------
                             11 	.globl _sp_enemy_saucer
                             12 ;--------------------------------------------------------
                             13 ; special function registers
                             14 ;--------------------------------------------------------
                             15 ;--------------------------------------------------------
                             16 ; ram data
                             17 ;--------------------------------------------------------
                             18 	.area _DATA
                             19 ;--------------------------------------------------------
                             20 ; ram data
                             21 ;--------------------------------------------------------
                             22 	.area _INITIALIZED
                             23 ;--------------------------------------------------------
                             24 ; absolute external ram data
                             25 ;--------------------------------------------------------
                             26 	.area _DABS (ABS)
                             27 ;--------------------------------------------------------
                             28 ; global & static initialisations
                             29 ;--------------------------------------------------------
                             30 	.area _HOME
                             31 	.area _GSINIT
                             32 	.area _GSFINAL
                             33 	.area _GSINIT
                             34 ;--------------------------------------------------------
                             35 ; Home
                             36 ;--------------------------------------------------------
                             37 	.area _HOME
                             38 	.area _HOME
                             39 ;--------------------------------------------------------
                             40 ; code
                             41 ;--------------------------------------------------------
                             42 	.area _CODE
                             43 	.area _CODE
   0000                      44 _sp_enemy_saucer:
   0000 00                   45 	.db #0x00	; 0
   0001 00                   46 	.db #0x00	; 0
   0002 00                   47 	.db #0x00	; 0
   0003 00                   48 	.db #0x00	; 0
   0004 C0                   49 	.db #0xc0	; 192
   0005 C0                   50 	.db #0xc0	; 192
   0006 C0                   51 	.db #0xc0	; 192
   0007 C0                   52 	.db #0xc0	; 192
   0008 00                   53 	.db #0x00	; 0
   0009 00                   54 	.db #0x00	; 0
   000A 00                   55 	.db #0x00	; 0
   000B 00                   56 	.db #0x00	; 0
   000C 00                   57 	.db #0x00	; 0
   000D 00                   58 	.db #0x00	; 0
   000E 40                   59 	.db #0x40	; 64
   000F C0                   60 	.db #0xc0	; 192
   0010 E0                   61 	.db #0xe0	; 224
   0011 FC                   62 	.db #0xfc	; 252
   0012 FC                   63 	.db #0xfc	; 252
   0013 D0                   64 	.db #0xd0	; 208
   0014 C0                   65 	.db #0xc0	; 192
   0015 80                   66 	.db #0x80	; 128
   0016 00                   67 	.db #0x00	; 0
   0017 00                   68 	.db #0x00	; 0
   0018 00                   69 	.db #0x00	; 0
   0019 40                   70 	.db #0x40	; 64
   001A D0                   71 	.db #0xd0	; 208
   001B F8                   72 	.db #0xf8	; 248
   001C C0                   73 	.db #0xc0	; 192
   001D FC                   74 	.db #0xfc	; 252
   001E FC                   75 	.db #0xfc	; 252
   001F C0                   76 	.db #0xc0	; 192
   0020 F4                   77 	.db #0xf4	; 244
   0021 E0                   78 	.db #0xe0	; 224
   0022 80                   79 	.db #0x80	; 128
   0023 00                   80 	.db #0x00	; 0
   0024 00                   81 	.db #0x00	; 0
   0025 D0                   82 	.db #0xd0	; 208
   0026 FC                   83 	.db #0xfc	; 252
   0027 F8                   84 	.db #0xf8	; 248
   0028 C0                   85 	.db #0xc0	; 192
   0029 FC                   86 	.db #0xfc	; 252
   002A FC                   87 	.db #0xfc	; 252
   002B C0                   88 	.db #0xc0	; 192
   002C F4                   89 	.db #0xf4	; 244
   002D FC                   90 	.db #0xfc	; 252
   002E E0                   91 	.db #0xe0	; 224
   002F 00                   92 	.db #0x00	; 0
   0030 40                   93 	.db #0x40	; 64
   0031 F4                   94 	.db #0xf4	; 244
   0032 F4                   95 	.db #0xf4	; 244
   0033 F8                   96 	.db #0xf8	; 248
   0034 94                   97 	.db #0x94	; 148
   0035 C0                   98 	.db #0xc0	; 192
   0036 C0                   99 	.db #0xc0	; 192
   0037 68                  100 	.db #0x68	; 104	'h'
   0038 F4                  101 	.db #0xf4	; 244
   0039 F8                  102 	.db #0xf8	; 248
   003A F8                  103 	.db #0xf8	; 248
   003B 80                  104 	.db #0x80	; 128
   003C D0                  105 	.db #0xd0	; 208
   003D FC                  106 	.db #0xfc	; 252
   003E F4                  107 	.db #0xf4	; 244
   003F F8                  108 	.db #0xf8	; 248
   0040 94                  109 	.db #0x94	; 148
   0041 33                  110 	.db #0x33	; 51	'3'
   0042 3C                  111 	.db #0x3c	; 60
   0043 68                  112 	.db #0x68	; 104	'h'
   0044 F4                  113 	.db #0xf4	; 244
   0045 F8                  114 	.db #0xf8	; 248
   0046 FC                  115 	.db #0xfc	; 252
   0047 E0                  116 	.db #0xe0	; 224
   0048 D4                  117 	.db #0xd4	; 212
   0049 F8                  118 	.db #0xf8	; 248
   004A F0                  119 	.db #0xf0	; 240
   004B F4                  120 	.db #0xf4	; 244
   004C E0                  121 	.db #0xe0	; 224
   004D 3C                  122 	.db #0x3c	; 60
   004E 3C                  123 	.db #0x3c	; 60
   004F D0                  124 	.db #0xd0	; 208
   0050 F8                  125 	.db #0xf8	; 248
   0051 F0                  126 	.db #0xf0	; 240
   0052 F4                  127 	.db #0xf4	; 244
   0053 E8                  128 	.db #0xe8	; 232
   0054 C0                  129 	.db #0xc0	; 192
   0055 F4                  130 	.db #0xf4	; 244
   0056 F4                  131 	.db #0xf4	; 244
   0057 FC                  132 	.db #0xfc	; 252
   0058 F8                  133 	.db #0xf8	; 248
   0059 C0                  134 	.db #0xc0	; 192
   005A C0                  135 	.db #0xc0	; 192
   005B F4                  136 	.db #0xf4	; 244
   005C FC                  137 	.db #0xfc	; 252
   005D F8                  138 	.db #0xf8	; 248
   005E F8                  139 	.db #0xf8	; 248
   005F C0                  140 	.db #0xc0	; 192
   0060 D0                  141 	.db #0xd0	; 208
   0061 D0                  142 	.db #0xd0	; 208
   0062 FC                  143 	.db #0xfc	; 252
   0063 FC                  144 	.db #0xfc	; 252
   0064 FC                  145 	.db #0xfc	; 252
   0065 F0                  146 	.db #0xf0	; 240
   0066 F0                  147 	.db #0xf0	; 240
   0067 FC                  148 	.db #0xfc	; 252
   0068 FC                  149 	.db #0xfc	; 252
   0069 FC                  150 	.db #0xfc	; 252
   006A E0                  151 	.db #0xe0	; 224
   006B E0                  152 	.db #0xe0	; 224
   006C D4                  153 	.db #0xd4	; 212
   006D E0                  154 	.db #0xe0	; 224
   006E D0                  155 	.db #0xd0	; 208
   006F FC                  156 	.db #0xfc	; 252
   0070 FC                  157 	.db #0xfc	; 252
   0071 FC                  158 	.db #0xfc	; 252
   0072 FC                  159 	.db #0xfc	; 252
   0073 FC                  160 	.db #0xfc	; 252
   0074 FC                  161 	.db #0xfc	; 252
   0075 E0                  162 	.db #0xe0	; 224
   0076 D0                  163 	.db #0xd0	; 208
   0077 E8                  164 	.db #0xe8	; 232
   0078 D0                  165 	.db #0xd0	; 208
   0079 F8                  166 	.db #0xf8	; 248
   007A E0                  167 	.db #0xe0	; 224
   007B C0                  168 	.db #0xc0	; 192
   007C F4                  169 	.db #0xf4	; 244
   007D FC                  170 	.db #0xfc	; 252
   007E FC                  171 	.db #0xfc	; 252
   007F F8                  172 	.db #0xf8	; 248
   0080 C0                  173 	.db #0xc0	; 192
   0081 D0                  174 	.db #0xd0	; 208
   0082 F4                  175 	.db #0xf4	; 244
   0083 E0                  176 	.db #0xe0	; 224
   0084 40                  177 	.db #0x40	; 64
   0085 F4                  178 	.db #0xf4	; 244
   0086 F8                  179 	.db #0xf8	; 248
   0087 F0                  180 	.db #0xf0	; 240
   0088 C0                  181 	.db #0xc0	; 192
   0089 C0                  182 	.db #0xc0	; 192
   008A C0                  183 	.db #0xc0	; 192
   008B C0                  184 	.db #0xc0	; 192
   008C F0                  185 	.db #0xf0	; 240
   008D F4                  186 	.db #0xf4	; 244
   008E F8                  187 	.db #0xf8	; 248
   008F 80                  188 	.db #0x80	; 128
   0090 00                  189 	.db #0x00	; 0
   0091 D0                  190 	.db #0xd0	; 208
   0092 F4                  191 	.db #0xf4	; 244
   0093 FC                  192 	.db #0xfc	; 252
   0094 F0                  193 	.db #0xf0	; 240
   0095 F0                  194 	.db #0xf0	; 240
   0096 F0                  195 	.db #0xf0	; 240
   0097 F0                  196 	.db #0xf0	; 240
   0098 FC                  197 	.db #0xfc	; 252
   0099 F8                  198 	.db #0xf8	; 248
   009A E0                  199 	.db #0xe0	; 224
   009B 00                  200 	.db #0x00	; 0
   009C 00                  201 	.db #0x00	; 0
   009D 40                  202 	.db #0x40	; 64
   009E D0                  203 	.db #0xd0	; 208
   009F F0                  204 	.db #0xf0	; 240
   00A0 FC                  205 	.db #0xfc	; 252
   00A1 FC                  206 	.db #0xfc	; 252
   00A2 FC                  207 	.db #0xfc	; 252
   00A3 FC                  208 	.db #0xfc	; 252
   00A4 F0                  209 	.db #0xf0	; 240
   00A5 E0                  210 	.db #0xe0	; 224
   00A6 80                  211 	.db #0x80	; 128
   00A7 00                  212 	.db #0x00	; 0
   00A8 00                  213 	.db #0x00	; 0
   00A9 00                  214 	.db #0x00	; 0
   00AA 40                  215 	.db #0x40	; 64
   00AB C0                  216 	.db #0xc0	; 192
   00AC F0                  217 	.db #0xf0	; 240
   00AD F0                  218 	.db #0xf0	; 240
   00AE F0                  219 	.db #0xf0	; 240
   00AF F0                  220 	.db #0xf0	; 240
   00B0 C0                  221 	.db #0xc0	; 192
   00B1 80                  222 	.db #0x80	; 128
   00B2 00                  223 	.db #0x00	; 0
   00B3 00                  224 	.db #0x00	; 0
   00B4 00                  225 	.db #0x00	; 0
   00B5 00                  226 	.db #0x00	; 0
   00B6 00                  227 	.db #0x00	; 0
   00B7 00                  228 	.db #0x00	; 0
   00B8 C0                  229 	.db #0xc0	; 192
   00B9 C0                  230 	.db #0xc0	; 192
   00BA C0                  231 	.db #0xc0	; 192
   00BB C0                  232 	.db #0xc0	; 192
   00BC 00                  233 	.db #0x00	; 0
   00BD 00                  234 	.db #0x00	; 0
   00BE 00                  235 	.db #0x00	; 0
   00BF 00                  236 	.db #0x00	; 0
                            237 	.area _INITIALIZER
                            238 	.area _CABS (ABS)
