                              1 ;--------------------------------------------------------
                              2 ; File Created by SDCC : free open source ANSI-C Compiler
                              3 ; Version 3.6.8 #9946 (Linux)
                              4 ;--------------------------------------------------------
                              5 	.module player_ship
                              6 	.optsdcc -mz80
                              7 	
                              8 ;--------------------------------------------------------
                              9 ; Public variables in this module
                             10 ;--------------------------------------------------------
                             11 	.globl _sp_player_ship
                             12 ;--------------------------------------------------------
                             13 ; special function registers
                             14 ;--------------------------------------------------------
                             15 ;--------------------------------------------------------
                             16 ; ram data
                             17 ;--------------------------------------------------------
                             18 	.area _DATA
                             19 ;--------------------------------------------------------
                             20 ; ram data
                             21 ;--------------------------------------------------------
                             22 	.area _INITIALIZED
                             23 ;--------------------------------------------------------
                             24 ; absolute external ram data
                             25 ;--------------------------------------------------------
                             26 	.area _DABS (ABS)
                             27 ;--------------------------------------------------------
                             28 ; global & static initialisations
                             29 ;--------------------------------------------------------
                             30 	.area _HOME
                             31 	.area _GSINIT
                             32 	.area _GSFINAL
                             33 	.area _GSINIT
                             34 ;--------------------------------------------------------
                             35 ; Home
                             36 ;--------------------------------------------------------
                             37 	.area _HOME
                             38 	.area _HOME
                             39 ;--------------------------------------------------------
                             40 ; code
                             41 ;--------------------------------------------------------
                             42 	.area _CODE
                             43 	.area _CODE
   0000                      44 _sp_player_ship:
   0000 00                   45 	.db #0x00	; 0
   0001 00                   46 	.db #0x00	; 0
   0002 00                   47 	.db #0x00	; 0
   0003 40                   48 	.db #0x40	; 64
   0004 80                   49 	.db #0x80	; 128
   0005 00                   50 	.db #0x00	; 0
   0006 00                   51 	.db #0x00	; 0
   0007 00                   52 	.db #0x00	; 0
   0008 00                   53 	.db #0x00	; 0
   0009 00                   54 	.db #0x00	; 0
   000A 00                   55 	.db #0x00	; 0
   000B 90                   56 	.db #0x90	; 144
   000C 60                   57 	.db #0x60	; 96
   000D 00                   58 	.db #0x00	; 0
   000E 00                   59 	.db #0x00	; 0
   000F 00                   60 	.db #0x00	; 0
   0010 00                   61 	.db #0x00	; 0
   0011 00                   62 	.db #0x00	; 0
   0012 00                   63 	.db #0x00	; 0
   0013 D5                   64 	.db #0xd5	; 213
   0014 EA                   65 	.db #0xea	; 234
   0015 00                   66 	.db #0x00	; 0
   0016 00                   67 	.db #0x00	; 0
   0017 00                   68 	.db #0x00	; 0
   0018 00                   69 	.db #0x00	; 0
   0019 00                   70 	.db #0x00	; 0
   001A 00                   71 	.db #0x00	; 0
   001B D5                   72 	.db #0xd5	; 213
   001C EA                   73 	.db #0xea	; 234
   001D 00                   74 	.db #0x00	; 0
   001E 00                   75 	.db #0x00	; 0
   001F 00                   76 	.db #0x00	; 0
   0020 00                   77 	.db #0x00	; 0
   0021 40                   78 	.db #0x40	; 64
   0022 00                   79 	.db #0x00	; 0
   0023 C0                   80 	.db #0xc0	; 192
   0024 C0                   81 	.db #0xc0	; 192
   0025 00                   82 	.db #0x00	; 0
   0026 80                   83 	.db #0x80	; 128
   0027 00                   84 	.db #0x00	; 0
   0028 00                   85 	.db #0x00	; 0
   0029 90                   86 	.db #0x90	; 144
   002A 80                   87 	.db #0x80	; 128
   002B D5                   88 	.db #0xd5	; 213
   002C 68                   89 	.db #0x68	; 104	'h'
   002D 40                   90 	.db #0x40	; 64
   002E 60                   91 	.db #0x60	; 96
   002F 00                   92 	.db #0x00	; 0
   0030 00                   93 	.db #0x00	; 0
   0031 D5                   94 	.db #0xd5	; 213
   0032 80                   95 	.db #0x80	; 128
   0033 94                   96 	.db #0x94	; 148
   0034 68                   97 	.db #0x68	; 104	'h'
   0035 40                   98 	.db #0x40	; 64
   0036 EA                   99 	.db #0xea	; 234
   0037 00                  100 	.db #0x00	; 0
   0038 00                  101 	.db #0x00	; 0
   0039 85                  102 	.db #0x85	; 133
   003A EA                  103 	.db #0xea	; 234
   003B EA                  104 	.db #0xea	; 234
   003C D5                  105 	.db #0xd5	; 213
   003D D5                  106 	.db #0xd5	; 213
   003E 4A                  107 	.db #0x4a	; 74	'J'
   003F 00                  108 	.db #0x00	; 0
   0040 00                  109 	.db #0x00	; 0
   0041 40                  110 	.db #0x40	; 64
   0042 5F                  111 	.db #0x5f	; 95
   0043 FF                  112 	.db #0xff	; 255
   0044 FF                  113 	.db #0xff	; 255
   0045 AF                  114 	.db #0xaf	; 175
   0046 80                  115 	.db #0x80	; 128
   0047 00                  116 	.db #0x00	; 0
   0048 00                  117 	.db #0x00	; 0
   0049 00                  118 	.db #0x00	; 0
   004A 85                  119 	.db #0x85	; 133
   004B FF                  120 	.db #0xff	; 255
   004C FF                  121 	.db #0xff	; 255
   004D 4A                  122 	.db #0x4a	; 74	'J'
   004E 00                  123 	.db #0x00	; 0
   004F 00                  124 	.db #0x00	; 0
   0050 00                  125 	.db #0x00	; 0
   0051 00                  126 	.db #0x00	; 0
   0052 40                  127 	.db #0x40	; 64
   0053 4A                  128 	.db #0x4a	; 74	'J'
   0054 85                  129 	.db #0x85	; 133
   0055 80                  130 	.db #0x80	; 128
   0056 00                  131 	.db #0x00	; 0
   0057 00                  132 	.db #0x00	; 0
   0058 00                  133 	.db #0x00	; 0
   0059 00                  134 	.db #0x00	; 0
   005A 00                  135 	.db #0x00	; 0
   005B C0                  136 	.db #0xc0	; 192
   005C C0                  137 	.db #0xc0	; 192
   005D 00                  138 	.db #0x00	; 0
   005E 00                  139 	.db #0x00	; 0
   005F 00                  140 	.db #0x00	; 0
   0060 00                  141 	.db #0x00	; 0
   0061 00                  142 	.db #0x00	; 0
   0062 40                  143 	.db #0x40	; 64
   0063 5F                  144 	.db #0x5f	; 95
   0064 AF                  145 	.db #0xaf	; 175
   0065 80                  146 	.db #0x80	; 128
   0066 00                  147 	.db #0x00	; 0
   0067 00                  148 	.db #0x00	; 0
   0068 00                  149 	.db #0x00	; 0
   0069 00                  150 	.db #0x00	; 0
   006A C0                  151 	.db #0xc0	; 192
   006B C0                  152 	.db #0xc0	; 192
   006C C0                  153 	.db #0xc0	; 192
   006D C0                  154 	.db #0xc0	; 192
   006E 00                  155 	.db #0x00	; 0
   006F 00                  156 	.db #0x00	; 0
                            157 	.area _INITIALIZER
                            158 	.area _CABS (ABS)
